  [1m[35m (3.5ms)[0m  [1m[35mCREATE DATABASE "react_rails_api_project_template_development" ENCODING = 'unicode'[0m
  [1m[35m (1.8ms)[0m  [1m[35mCREATE DATABASE "react_rails_api_project_template_test" ENCODING = 'unicode'[0m
  [1m[35m (0.3ms)[0m  [1m[34mSELECT pg_try_advisory_lock(1087325618115650655)[0m
  [1m[35m (1.3ms)[0m  [1m[34mSELECT "schema_migrations"."version" FROM "schema_migrations" ORDER BY "schema_migrations"."version" ASC[0m
Migrating to CreateAdmins (20220824184905)
  [1m[36mTRANSACTION (0.4ms)[0m  [1m[35mBEGIN[0m
  [1m[35m (58.2ms)[0m  [1m[35mCREATE TABLE "admins" ("id" bigserial primary key, "name" character varying, "username" character varying, "password" character varying, "email" character varying, "created_at" timestamp(6) NOT NULL, "updated_at" timestamp(6) NOT NULL)[0m
  [1m[36mTRANSACTION (0.7ms)[0m  [1m[31mROLLBACK[0m
  [1m[35m (0.3ms)[0m  [1m[34mSELECT pg_advisory_unlock(1087325618115650655)[0m
  [1m[35m (0.6ms)[0m  [1m[34mSELECT "schema_migrations"."version" FROM "schema_migrations" ORDER BY "schema_migrations"."version" ASC[0m
  [1m[35m (0.5ms)[0m  [1m[34mSELECT "ar_internal_metadata"."value" FROM "ar_internal_metadata" WHERE "ar_internal_metadata"."key" = $1[0m  [["key", "environment"]]
  [1m[35m (0.2ms)[0m  [1m[34mSELECT "schema_migrations"."version" FROM "schema_migrations" ORDER BY "schema_migrations"."version" ASC[0m
  [1m[35m (0.5ms)[0m  [1m[34mSELECT "ar_internal_metadata"."value" FROM "ar_internal_metadata" WHERE "ar_internal_metadata"."key" = $1[0m  [["key", "environment"]]
  [1m[35m (0.4ms)[0m  [1m[34mSELECT "schema_migrations"."version" FROM "schema_migrations" ORDER BY "schema_migrations"."version" ASC[0m
  [1m[35m (0.2ms)[0m  [1m[34mSELECT "ar_internal_metadata"."value" FROM "ar_internal_metadata" WHERE "ar_internal_metadata"."key" = $1[0m  [["key", "environment"]]
  [1m[35m (88.4ms)[0m  [1m[35mDROP DATABASE IF EXISTS "react_rails_api_project_template_development"[0m
  [1m[35m (52.0ms)[0m  [1m[35mDROP DATABASE IF EXISTS "react_rails_api_project_template_test"[0m
  [1m[35m (218.4ms)[0m  [1m[35mCREATE DATABASE "react_rails_api_project_template_development" ENCODING = 'unicode'[0m
  [1m[35m (121.4ms)[0m  [1m[35mCREATE DATABASE "react_rails_api_project_template_test" ENCODING = 'unicode'[0m
  [1m[35m (13.3ms)[0m  [1m[35mCREATE TABLE "schema_migrations" ("version" character varying NOT NULL PRIMARY KEY)[0m
  [1m[35m (3.5ms)[0m  [1m[35mCREATE TABLE "ar_internal_metadata" ("key" character varying NOT NULL PRIMARY KEY, "value" character varying, "created_at" timestamp(6) NOT NULL, "updated_at" timestamp(6) NOT NULL)[0m
  [1m[35m (0.2ms)[0m  [1m[34mSELECT pg_try_advisory_lock(1087325618115650655)[0m
  [1m[35m (0.5ms)[0m  [1m[34mSELECT "schema_migrations"."version" FROM "schema_migrations" ORDER BY "schema_migrations"."version" ASC[0m
Migrating to CreateAdmins (20220824184905)
  [1m[36mTRANSACTION (0.8ms)[0m  [1m[35mBEGIN[0m
  [1m[35m (47.8ms)[0m  [1m[35mCREATE TABLE "admins" ("id" bigserial primary key, "name" character varying, "username" character varying, "password" character varying, "email" character varying, "created_at" timestamp(6) NOT NULL, "updated_at" timestamp(6) NOT NULL)[0m
  [1m[36mActiveRecord::SchemaMigration Create (0.7ms)[0m  [1m[32mINSERT INTO "schema_migrations" ("version") VALUES ($1) RETURNING "version"[0m  [["version", "20220824184905"]]
  [1m[36mTRANSACTION (0.9ms)[0m  [1m[35mCOMMIT[0m
Migrating to CreateMembers (20220824185640)
  [1m[36mTRANSACTION (42.8ms)[0m  [1m[35mBEGIN[0m
  [1m[35m (22.4ms)[0m  [1m[35mCREATE TABLE "members" ("id" bigserial primary key, "name" character varying, "username" character varying, "password" character varying, "email" character varying, "created_at" timestamp(6) NOT NULL, "updated_at" timestamp(6) NOT NULL)[0m
  [1m[36mActiveRecord::SchemaMigration Create (2.4ms)[0m  [1m[32mINSERT INTO "schema_migrations" ("version") VALUES ($1) RETURNING "version"[0m  [["version", "20220824185640"]]
  [1m[36mTRANSACTION (1.5ms)[0m  [1m[35mCOMMIT[0m
Migrating to CreateBulletins (20220824185820)
  [1m[36mTRANSACTION (52.6ms)[0m  [1m[35mBEGIN[0m
  [1m[35m (7.8ms)[0m  [1m[35mCREATE TABLE "bulletins" ("id" bigserial primary key, "name" character varying, "date" character varying, "activity" character varying, "member_id" integer, "admin_id" integer, "created_at" timestamp(6) NOT NULL, "updated_at" timestamp(6) NOT NULL)[0m
  [1m[36mActiveRecord::SchemaMigration Create (3.0ms)[0m  [1m[32mINSERT INTO "schema_migrations" ("version") VALUES ($1) RETURNING "version"[0m  [["version", "20220824185820"]]
  [1m[36mTRANSACTION (0.7ms)[0m  [1m[35mCOMMIT[0m
  [1m[36mActiveRecord::InternalMetadata Load (0.5ms)[0m  [1m[34mSELECT "ar_internal_metadata".* FROM "ar_internal_metadata" WHERE "ar_internal_metadata"."key" = $1 LIMIT $2[0m  [["key", "environment"], ["LIMIT", 1]]
  [1m[36mTRANSACTION (0.2ms)[0m  [1m[35mBEGIN[0m
  [1m[36mActiveRecord::InternalMetadata Create (0.9ms)[0m  [1m[32mINSERT INTO "ar_internal_metadata" ("key", "value", "created_at", "updated_at") VALUES ($1, $2, $3, $4) RETURNING "key"[0m  [["key", "environment"], ["value", "development"], ["created_at", "2022-08-24 19:53:50.432217"], ["updated_at", "2022-08-24 19:53:50.432217"]]
  [1m[36mTRANSACTION (0.6ms)[0m  [1m[35mCOMMIT[0m
  [1m[35m (0.4ms)[0m  [1m[34mSELECT pg_advisory_unlock(1087325618115650655)[0m
  [1m[35m (2.0ms)[0m  [1m[34mSELECT "schema_migrations"."version" FROM "schema_migrations" ORDER BY "schema_migrations"."version" ASC[0m
  [1m[35m (0.4ms)[0m  [1m[34mSELECT "schema_migrations"."version" FROM "schema_migrations" ORDER BY "schema_migrations"."version" ASC[0m
  [1m[36mAdmin Load (2.3ms)[0m  [1m[34mSELECT "admins".* FROM "admins"[0m
  [1m[36mMember Load (35.9ms)[0m  [1m[34mSELECT "members".* FROM "members"[0m
  [1m[36mBulletin Load (32.5ms)[0m  [1m[34mSELECT "bulletins".* FROM "bulletins"[0m
  [1m[36mTRANSACTION (0.4ms)[0m  [1m[35mBEGIN[0m
  [1m[36mAdmin Create (1.3ms)[0m  [1m[32mINSERT INTO "admins" ("name", "username", "password", "email", "created_at", "updated_at") VALUES ($1, $2, $3, $4, $5, $6) RETURNING "id"[0m  [["name", "Charles"], ["username", "CharlesDW"], ["password", "123Admin"], ["email", "CharlesDW@gmail.com"], ["created_at", "2022-08-24 19:55:43.119953"], ["updated_at", "2022-08-24 19:55:43.119953"]]
  [1m[36mTRANSACTION (40.6ms)[0m  [1m[35mCOMMIT[0m
  [1m[36mTRANSACTION (0.2ms)[0m  [1m[35mBEGIN[0m
  [1m[36mMember Create (0.8ms)[0m  [1m[32mINSERT INTO "members" ("name", "username", "password", "email", "created_at", "updated_at") VALUES ($1, $2, $3, $4, $5, $6) RETURNING "id"[0m  [["name", "Bill"], ["username", "BillTT"], ["password", "first"], ["email", "BillTurner@gmail.com"], ["created_at", "2022-08-24 19:55:43.179838"], ["updated_at", "2022-08-24 19:55:43.179838"]]
  [1m[36mTRANSACTION (40.3ms)[0m  [1m[35mCOMMIT[0m
  [1m[36mTRANSACTION (0.1ms)[0m  [1m[35mBEGIN[0m
  [1m[36mMember Create (0.3ms)[0m  [1m[32mINSERT INTO "members" ("name", "username", "password", "email", "created_at", "updated_at") VALUES ($1, $2, $3, $4, $5, $6) RETURNING "id"[0m  [["name", "Kelly"], ["username", "KellyCrane"], ["password", "second"], ["email", "KellyCrane@gmail.com"], ["created_at", "2022-08-24 19:55:43.224737"], ["updated_at", "2022-08-24 19:55:43.224737"]]
  [1m[36mTRANSACTION (0.5ms)[0m  [1m[35mCOMMIT[0m
  [1m[36mTRANSACTION (0.1ms)[0m  [1m[35mBEGIN[0m
  [1m[36mMember Create (0.3ms)[0m  [1m[32mINSERT INTO "members" ("name", "username", "password", "email", "created_at", "updated_at") VALUES ($1, $2, $3, $4, $5, $6) RETURNING "id"[0m  [["name", "Vanessa"], ["username", "VanessAdler"], ["password", "third"], ["email", "VanessaAdler@gmail.com"], ["created_at", "2022-08-24 19:55:43.229033"], ["updated_at", "2022-08-24 19:55:43.229033"]]
  [1m[36mTRANSACTION (0.4ms)[0m  [1m[35mCOMMIT[0m
  [1m[36mTRANSACTION (0.1ms)[0m  [1m[35mBEGIN[0m
  [1m[36mMember Create (0.4ms)[0m  [1m[32mINSERT INTO "members" ("name", "username", "password", "email", "created_at", "updated_at") VALUES ($1, $2, $3, $4, $5, $6) RETURNING "id"[0m  [["name", "Francis"], ["username", "Frank"], ["password", "fourth"], ["email", "FrankTizic@gmail.com"], ["created_at", "2022-08-24 19:55:43.232498"], ["updated_at", "2022-08-24 19:55:43.232498"]]
  [1m[36mTRANSACTION (0.4ms)[0m  [1m[35mCOMMIT[0m
  [1m[36mTRANSACTION (0.2ms)[0m  [1m[35mBEGIN[0m
  [1m[36mAdmin Load (0.3ms)[0m  [1m[34mSELECT "admins".* FROM "admins" WHERE "admins"."id" = $1 LIMIT $2[0m  [["id", 1], ["LIMIT", 1]]
  [1m[36mMember Load (0.4ms)[0m  [1m[34mSELECT "members".* FROM "members" WHERE "members"."id" = $1 LIMIT $2[0m  [["id", 1], ["LIMIT", 1]]
  [1m[36mBulletin Create (0.8ms)[0m  [1m[32mINSERT INTO "bulletins" ("name", "date", "activity", "member_id", "admin_id", "created_at", "updated_at") VALUES ($1, $2, $3, $4, $5, $6, $7) RETURNING "id"[0m  [["name", "Morning Prayer"], ["date", "8/30/2022"], ["activity", "Regular Service"], ["member_id", 1], ["admin_id", 1], ["created_at", "2022-08-24 19:55:43.271840"], ["updated_at", "2022-08-24 19:55:43.271840"]]
  [1m[36mTRANSACTION (40.2ms)[0m  [1m[35mCOMMIT[0m
  [1m[36mTRANSACTION (0.2ms)[0m  [1m[35mBEGIN[0m
  [1m[36mAdmin Load (0.4ms)[0m  [1m[34mSELECT "admins".* FROM "admins" WHERE "admins"."id" = $1 LIMIT $2[0m  [["id", 1], ["LIMIT", 1]]
  [1m[36mMember Load (0.3ms)[0m  [1m[34mSELECT "members".* FROM "members" WHERE "members"."id" = $1 LIMIT $2[0m  [["id", 2], ["LIMIT", 1]]
  [1m[36mBulletin Create (0.3ms)[0m  [1m[32mINSERT INTO "bulletins" ("name", "date", "activity", "member_id", "admin_id", "created_at", "updated_at") VALUES ($1, $2, $3, $4, $5, $6, $7) RETURNING "id"[0m  [["name", "Community Gardening"], ["date", "9/1/2022"], ["activity", "Community Service"], ["member_id", 2], ["admin_id", 1], ["created_at", "2022-08-24 19:55:43.321939"], ["updated_at", "2022-08-24 19:55:43.321939"]]
  [1m[36mTRANSACTION (2.0ms)[0m  [1m[35mCOMMIT[0m
  [1m[36mTRANSACTION (0.2ms)[0m  [1m[35mBEGIN[0m
  [1m[36mAdmin Load (0.3ms)[0m  [1m[34mSELECT "admins".* FROM "admins" WHERE "admins"."id" = $1 LIMIT $2[0m  [["id", 1], ["LIMIT", 1]]
  [1m[36mMember Load (0.2ms)[0m  [1m[34mSELECT "members".* FROM "members" WHERE "members"."id" = $1 LIMIT $2[0m  [["id", 3], ["LIMIT", 1]]
  [1m[36mBulletin Create (0.3ms)[0m  [1m[32mINSERT INTO "bulletins" ("name", "date", "activity", "member_id", "admin_id", "created_at", "updated_at") VALUES ($1, $2, $3, $4, $5, $6, $7) RETURNING "id"[0m  [["name", "Community Jungle Gym Fundraiser"], ["date", "Ongoing"], ["activity", "Community Service"], ["member_id", 3], ["admin_id", 1], ["created_at", "2022-08-24 19:55:43.331232"], ["updated_at", "2022-08-24 19:55:43.331232"]]
  [1m[36mTRANSACTION (0.5ms)[0m  [1m[35mCOMMIT[0m
  [1m[36mTRANSACTION (0.3ms)[0m  [1m[35mBEGIN[0m
  [1m[36mAdmin Load (0.3ms)[0m  [1m[34mSELECT "admins".* FROM "admins" WHERE "admins"."id" = $1 LIMIT $2[0m  [["id", 1], ["LIMIT", 1]]
  [1m[36mMember Load (0.2ms)[0m  [1m[34mSELECT "members".* FROM "members" WHERE "members"."id" = $1 LIMIT $2[0m  [["id", 4], ["LIMIT", 1]]
  [1m[36mBulletin Create (0.3ms)[0m  [1m[32mINSERT INTO "bulletins" ("name", "date", "activity", "member_id", "admin_id", "created_at", "updated_at") VALUES ($1, $2, $3, $4, $5, $6, $7) RETURNING "id"[0m  [["name", "Late Service"], ["date", "8/26/2022"], ["activity", "Regular Service"], ["member_id", 4], ["admin_id", 1], ["created_at", "2022-08-24 19:55:43.339946"], ["updated_at", "2022-08-24 19:55:43.339946"]]
  [1m[36mTRANSACTION (0.5ms)[0m  [1m[35mCOMMIT[0m
  [1m[36mTRANSACTION (0.1ms)[0m  [1m[35mBEGIN[0m
  [1m[36mAdmin Load (0.2ms)[0m  [1m[34mSELECT "admins".* FROM "admins" WHERE "admins"."id" = $1 LIMIT $2[0m  [["id", 1], ["LIMIT", 1]]
  [1m[36mMember Load (0.2ms)[0m  [1m[34mSELECT "members".* FROM "members" WHERE "members"."id" = $1 LIMIT $2[0m  [["id", 3], ["LIMIT", 1]]
  [1m[36mBulletin Create (0.3ms)[0m  [1m[32mINSERT INTO "bulletins" ("name", "date", "activity", "member_id", "admin_id", "created_at", "updated_at") VALUES ($1, $2, $3, $4, $5, $6, $7) RETURNING "id"[0m  [["name", "Weekend Potluck"], ["date", "9/16/2022"], ["activity", "Outside Service"], ["member_id", 3], ["admin_id", 1], ["created_at", "2022-08-24 19:55:43.346741"], ["updated_at", "2022-08-24 19:55:43.346741"]]
  [1m[36mTRANSACTION (0.4ms)[0m  [1m[35mCOMMIT[0m
